#
# There is insufficient memory for the Java Runtime Environment to continue.
# Native memory allocation (malloc) failed to allocate 1180656 bytes for Chunk::new
# Possible reasons:
#   The system is out of physical RAM or swap space
#   The process is running with CompressedOops enabled, and the Java Heap may be blocking the growth of the native heap
# Possible solutions:
#   Reduce memory load on the system
#   Increase physical memory or swap space
#   Check if swap backing store is full
#   Decrease Java heap size (-Xmx/-Xms)
#   Decrease number of Java threads
#   Decrease Java thread stack sizes (-Xss)
#   Set larger code cache with -XX:ReservedCodeCacheSize=
#   JVM is running with Zero Based Compressed Oops mode in which the Java heap is
#     placed in the first 32GB address space. The Java Heap base address is the
#     maximum limit for the native heap growth. Please use -XX:HeapBaseMinAddress
#     to set the Java Heap base and to place the Java Heap above 32GB virtual address.
# This output file may be truncated or incomplete.
#
#  Out of Memory Error (allocation.cpp:389), pid=19996, tid=0x0000000000000308
#
# JRE version: OpenJDK Runtime Environment (8.0_382-b05) (build 1.8.0_382-b05)
# Java VM: OpenJDK 64-Bit Server VM (25.382-b05 mixed mode windows-amd64 compressed oops)
# Failed to write core dump. Minidumps are not enabled by default on client versions of Windows
#

---------------  T H R E A D  ---------------

Current thread (0x0000019690702800):  JavaThread "C2 CompilerThread0" daemon [_thread_in_native, id=776, stack(0x00000076d9a00000,0x00000076d9b00000)]

Stack: [0x00000076d9a00000,0x00000076d9b00000]
[error occurred during error reporting (printing stack bounds), id 0xc0000005]

Native frames: (J=compiled Java code, j=interpreted, Vv=VM code, C=native code)


Current CompileTask:
C2:   3451 3391       4       java.util.function.BiPredicate$$Lambda$58/1173643169::test (14 bytes)


---------------  P R O C E S S  ---------------

Java Threads: ( => current thread )
  0x0000019690793000 JavaThread "Service Thread" daemon [_thread_blocked, id=12008, stack(0x00000076d9e00000,0x00000076d9f00000)]
  0x0000019690709800 JavaThread "C1 CompilerThread3" daemon [_thread_blocked, id=22012, stack(0x00000076d9d00000,0x00000076d9e00000)]
  0x0000019690706800 JavaThread "C2 CompilerThread2" daemon [_thread_in_native, id=16080, stack(0x00000076d9c00000,0x00000076d9d00000)]
  0x0000019690703800 JavaThread "C2 CompilerThread1" daemon [_thread_blocked, id=7488, stack(0x00000076d9b00000,0x00000076d9c00000)]
=>0x0000019690702800 JavaThread "C2 CompilerThread0" daemon [_thread_in_native, id=776, stack(0x00000076d9a00000,0x00000076d9b00000)]
  0x00000196906e2800 JavaThread "Monitor Ctrl-Break" daemon [_thread_in_native, id=11904, stack(0x00000076d9900000,0x00000076d9a00000)]
  0x00000196ff5e2800 JavaThread "Attach Listener" daemon [_thread_blocked, id=9900, stack(0x00000076d9800000,0x00000076d9900000)]
  0x00000196ff5e1800 JavaThread "Signal Dispatcher" daemon [_thread_blocked, id=20700, stack(0x00000076d9700000,0x00000076d9800000)]
  0x00000196ff5c5800 JavaThread "Finalizer" daemon [_thread_blocked, id=5268, stack(0x00000076d9600000,0x00000076d9700000)]
  0x00000196f3754000 JavaThread "Reference Handler" daemon [_thread_blocked, id=19752, stack(0x00000076d9500000,0x00000076d9600000)]
  0x00000196f36b0000 JavaThread "main" [_thread_in_native, id=13328, stack(0x00000076d8b00000,0x00000076d8c00000)]

Other Threads:
  0x00000196ff59e800 VMThread [stack: 0x00000076d9400000,0x00000076d9500000] [id=19988]
  0x0000019690799000 WatcherThread [stack: 0x00000076d9f00000,0x00000076da000000] [id=2508]

VM state:not at safepoint (normal execution)

VM Mutex/Monitor currently owned by a thread: None

heap address: 0x00000006c3600000, size: 4042 MB, Compressed Oops mode: Zero based, Oop shift amount: 3
Narrow klass base: 0x0000000000000000, Narrow klass shift: 3
Compressed class space size: 1073741824 Address: 0x00000007c0000000

Heap:
 PSYoungGen      total 162304K, used 25643K [0x000000076bd00000, 0x0000000779a00000, 0x00000007c0000000)
  eden space 150016K, 17% used [0x000000076bd00000,0x000000076d60ad78,0x0000000774f80000)
  from space 12288K, 0% used [0x0000000775b00000,0x0000000775b00000,0x0000000776700000)
  to   space 11776K, 0% used [0x0000000774f80000,0x0000000774f80000,0x0000000775b00000)
 ParOldGen       total 104448K, used 12333K [0x00000006c3600000, 0x00000006c9c00000, 0x000000076bd00000)
  object space 104448K, 11% used [0x00000006c3600000,0x00000006c420b650,0x00000006c9c00000)
 Metaspace       used 34811K, capacity 36911K, committed 37040K, reserved 1081344K
  class space    used 4607K, capacity 4981K, committed 5040K, reserved 1048576K

Card table byte_map: [0x00000196f55f0000,0x00000196f5de0000] byte_map_base: 0x00000196f1fd5000

Marking Bits: (ParMarkBitMap*) 0x0000000057346850
 Begin Bits: [0x00000196f6330000, 0x00000196fa258000)
 End Bits:   [0x00000196fa258000, 0x00000196fe180000)

Polling page: 0x00000196f3930000

CodeCache: size=245760Kb used=13084Kb max_used=13098Kb free=232675Kb
 bounds [0x0000019680000000, 0x0000019680ce0000, 0x000001968f000000]
 total_blobs=3802 nmethods=3400 adapters=314
 compilation: enabled

Compilation events (10 events):
Event: 3.413 Thread 0x0000019690709800 nmethod 3430 0x0000019680cb7090 code [0x0000019680cb7200, 0x0000019680cb7440]
Event: 3.417 Thread 0x0000019690709800 3431   !   3       java.net.URL::<init> (543 bytes)
Event: 3.419 Thread 0x0000019690709800 nmethod 3431 0x0000019680cc9790 code [0x0000019680cc9c40, 0x0000019680cccd40]
Event: 3.428 Thread 0x0000019690703800 nmethod 3421 0x0000019680cd20d0 code [0x0000019680cd22a0, 0x0000019680cd3c98]
Event: 3.428 Thread 0x0000019690703800 3426       4       java.lang.String::toCharArray (25 bytes)
Event: 3.429 Thread 0x0000019690703800 nmethod 3426 0x0000019680c86750 code [0x0000019680c868a0, 0x0000019680c869d8]
Event: 3.434 Thread 0x0000019690703800 3432       4       sun.misc.Launcher$AppClassLoader::loadClass (85 bytes)
Event: 3.437 Thread 0x0000019690703800 nmethod 3432 0x0000019680ccfed0 code [0x0000019680cd0020, 0x0000019680cd03c8]
Event: 3.444 Thread 0x0000019690709800 3433       3       java.lang.invoke.BoundMethodHandle$Species_L::make (11 bytes)
Event: 3.444 Thread 0x0000019690709800 nmethod 3433 0x0000019680ccf9d0 code [0x0000019680ccfb40, 0x0000019680ccfdb0]

GC Heap History (10 events):
Event: 1.336 GC heap before
{Heap before GC invocations=4 (full 1):
 PSYoungGen      total 75776K, used 7990K [0x000000076bd00000, 0x0000000775100000, 0x00000007c0000000)
  eden space 65024K, 0% used [0x000000076bd00000,0x000000076bd00000,0x000000076fc80000)
  from space 10752K, 74% used [0x000000076fc80000,0x000000077044db88,0x0000000770700000)
  to   space 10752K, 0% used [0x0000000774680000,0x0000000774680000,0x0000000775100000)
 ParOldGen       total 173568K, used 32K [0x00000006c3600000, 0x00000006cdf80000, 0x000000076bd00000)
  object space 173568K, 0% used [0x00000006c3600000,0x00000006c3608000,0x00000006cdf80000)
 Metaspace       used 20437K, capacity 21252K, committed 21296K, reserved 1067008K
  class space    used 2639K, capacity 2847K, committed 2864K, reserved 1048576K
Event: 1.356 GC heap after
Heap after GC invocations=4 (full 1):
 PSYoungGen      total 75776K, used 0K [0x000000076bd00000, 0x0000000775100000, 0x00000007c0000000)
  eden space 65024K, 0% used [0x000000076bd00000,0x000000076bd00000,0x000000076fc80000)
  from space 10752K, 0% used [0x000000076fc80000,0x000000076fc80000,0x0000000770700000)
  to   space 10752K, 0% used [0x0000000774680000,0x0000000774680000,0x0000000775100000)
 ParOldGen       total 104448K, used 7666K [0x00000006c3600000, 0x00000006c9c00000, 0x000000076bd00000)
  object space 104448K, 7% used [0x00000006c3600000,0x00000006c3d7c828,0x00000006c9c00000)
 Metaspace       used 20437K, capacity 21252K, committed 21296K, reserved 1067008K
  class space    used 2639K, capacity 2847K, committed 2864K, reserved 1048576K
}
Event: 1.647 GC heap before
{Heap before GC invocations=5 (full 1):
 PSYoungGen      total 75776K, used 65024K [0x000000076bd00000, 0x0000000775100000, 0x00000007c0000000)
  eden space 65024K, 100% used [0x000000076bd00000,0x000000076fc80000,0x000000076fc80000)
  from space 10752K, 0% used [0x000000076fc80000,0x000000076fc80000,0x0000000770700000)
  to   space 10752K, 0% used [0x0000000774680000,0x0000000774680000,0x0000000775100000)
 ParOldGen       total 104448K, used 7666K [0x00000006c3600000, 0x00000006c9c00000, 0x000000076bd00000)
  object space 104448K, 7% used [0x00000006c3600000,0x00000006c3d7c828,0x00000006c9c00000)
 Metaspace       used 24692K, capacity 25700K, committed 25776K, reserved 1071104K
  class space    used 3195K, capacity 3441K, committed 3504K, reserved 1048576K
Event: 1.653 GC heap after
Heap after GC invocations=5 (full 1):
 PSYoungGen      total 108032K, used 7218K [0x000000076bd00000, 0x0000000774e00000, 0x00000007c0000000)
  eden space 100352K, 0% used [0x000000076bd00000,0x000000076bd00000,0x0000000771f00000)
  from space 7680K, 93% used [0x0000000774680000,0x0000000774d8ca08,0x0000000774e00000)
  to   space 10752K, 0% used [0x0000000773900000,0x0000000773900000,0x0000000774380000)
 ParOldGen       total 104448K, used 7674K [0x00000006c3600000, 0x00000006c9c00000, 0x000000076bd00000)
  object space 104448K, 7% used [0x00000006c3600000,0x00000006c3d7e828,0x00000006c9c00000)
 Metaspace       used 24692K, capacity 25700K, committed 25776K, reserved 1071104K
  class space    used 3195K, capacity 3441K, committed 3504K, reserved 1048576K
}
Event: 3.091 GC heap before
{Heap before GC invocations=6 (full 1):
 PSYoungGen      total 108032K, used 107570K [0x000000076bd00000, 0x0000000774e00000, 0x00000007c0000000)
  eden space 100352K, 100% used [0x000000076bd00000,0x0000000771f00000,0x0000000771f00000)
  from space 7680K, 93% used [0x0000000774680000,0x0000000774d8ca08,0x0000000774e00000)
  to   space 10752K, 0% used [0x0000000773900000,0x0000000773900000,0x0000000774380000)
 ParOldGen       total 104448K, used 7674K [0x00000006c3600000, 0x00000006c9c00000, 0x000000076bd00000)
  object space 104448K, 7% used [0x00000006c3600000,0x00000006c3d7e828,0x00000006c9c00000)
 Metaspace       used 32742K, capacity 34740K, committed 34992K, reserved 1079296K
  class space    used 4336K, capacity 4707K, committed 4784K, reserved 1048576K
Event: 3.098 GC heap after
Heap after GC invocations=6 (full 1):
 PSYoungGen      total 137728K, used 10751K [0x000000076bd00000, 0x0000000776700000, 0x00000007c0000000)
  eden space 126976K, 0% used [0x000000076bd00000,0x000000076bd00000,0x0000000773900000)
  from space 10752K, 99% used [0x0000000773900000,0x000000077437ffc0,0x0000000774380000)
  to   space 12288K, 0% used [0x0000000775b00000,0x0000000775b00000,0x0000000776700000)
 ParOldGen       total 104448K, used 9555K [0x00000006c3600000, 0x00000006c9c00000, 0x000000076bd00000)
  object space 104448K, 9% used [0x00000006c3600000,0x00000006c3f54f38,0x00000006c9c00000)
 Metaspace       used 32742K, capacity 34740K, committed 34992K, reserved 1079296K
  class space    used 4336K, capacity 4707K, committed 4784K, reserved 1048576K
}
Event: 3.190 GC heap before
{Heap before GC invocations=7 (full 1):
 PSYoungGen      total 137728K, used 21144K [0x000000076bd00000, 0x0000000776700000, 0x00000007c0000000)
  eden space 126976K, 8% used [0x000000076bd00000,0x000000076c7262b8,0x0000000773900000)
  from space 10752K, 99% used [0x0000000773900000,0x000000077437ffc0,0x0000000774380000)
  to   space 12288K, 0% used [0x0000000775b00000,0x0000000775b00000,0x0000000776700000)
 ParOldGen       total 104448K, used 9555K [0x00000006c3600000, 0x00000006c9c00000, 0x000000076bd00000)
  object space 104448K, 9% used [0x00000006c3600000,0x00000006c3f54f38,0x00000006c9c00000)
 Metaspace       used 33323K, capacity 35387K, committed 35496K, reserved 1079296K
  class space    used 4413K, capacity 4784K, committed 4784K, reserved 1048576K
Event: 3.194 GC heap after
Heap after GC invocations=7 (full 1):
 PSYoungGen      total 162304K, used 7696K [0x000000076bd00000, 0x0000000779a00000, 0x00000007c0000000)
  eden space 150016K, 0% used [0x000000076bd00000,0x000000076bd00000,0x0000000774f80000)
  from space 12288K, 62% used [0x0000000775b00000,0x0000000776284368,0x0000000776700000)
  to   space 11776K, 0% used [0x0000000774f80000,0x0000000774f80000,0x0000000775b00000)
 ParOldGen       total 104448K, used 9563K [0x00000006c3600000, 0x00000006c9c00000, 0x000000076bd00000)
  object space 104448K, 9% used [0x00000006c3600000,0x00000006c3f56f38,0x00000006c9c00000)
 Metaspace       used 33323K, capacity 35387K, committed 35496K, reserved 1079296K
  class space    used 4413K, capacity 4784K, committed 4784K, reserved 1048576K
}
Event: 3.194 GC heap before
{Heap before GC invocations=8 (full 2):
 PSYoungGen      total 162304K, used 7696K [0x000000076bd00000, 0x0000000779a00000, 0x00000007c0000000)
  eden space 150016K, 0% used [0x000000076bd00000,0x000000076bd00000,0x0000000774f80000)
  from space 12288K, 62% used [0x0000000775b00000,0x0000000776284368,0x0000000776700000)
  to   space 11776K, 0% used [0x0000000774f80000,0x0000000774f80000,0x0000000775b00000)
 ParOldGen       total 104448K, used 9563K [0x00000006c3600000, 0x00000006c9c00000, 0x000000076bd00000)
  object space 104448K, 9% used [0x00000006c3600000,0x00000006c3f56f38,0x00000006c9c00000)
 Metaspace       used 33323K, capacity 35387K, committed 35496K, reserved 1079296K
  class space    used 4413K, capacity 4784K, committed 4784K, reserved 1048576K
Event: 3.225 GC heap after
Heap after GC invocations=8 (full 2):
 PSYoungGen      total 162304K, used 0K [0x000000076bd00000, 0x0000000779a00000, 0x00000007c0000000)
  eden space 150016K, 0% used [0x000000076bd00000,0x000000076bd00000,0x0000000774f80000)
  from space 12288K, 0% used [0x0000000775b00000,0x0000000775b00000,0x0000000776700000)
  to   space 11776K, 0% used [0x0000000774f80000,0x0000000774f80000,0x0000000775b00000)
 ParOldGen       total 104448K, used 12333K [0x00000006c3600000, 0x00000006c9c00000, 0x000000076bd00000)
  object space 104448K, 11% used [0x00000006c3600000,0x00000006c420b650,0x00000006c9c00000)
 Metaspace       used 33323K, capacity 35387K, committed 35496K, reserved 1079296K
  class space    used 4413K, capacity 4784K, committed 4784K, reserved 1048576K
}

Deoptimization events (10 events):
Event: 3.319 Thread 0x00000196f36b0000 Uncommon trap: reason=null_check action=make_not_entrant pc=0x0000019680b3f930 method=java.lang.Class.createAnnotationData(I)Ljava/lang/Class$AnnotationData; @ 14
Event: 3.320 Thread 0x00000196f36b0000 Uncommon trap: reason=null_check action=make_not_entrant pc=0x0000019680b4cee0 method=java.lang.Class.createAnnotationData(I)Ljava/lang/Class$AnnotationData; @ 14
Event: 3.323 Thread 0x00000196f36b0000 Uncommon trap: reason=unstable_if action=reinterpret pc=0x0000019680b4e3dc method=org.springframework.core.annotation.AnnotationsScanner.getBaseTypeMethods(Ljava/lang/Object;Ljava/lang/Class;)[Ljava/lang/reflect/Method; @ 92
Event: 3.337 Thread 0x00000196f36b0000 Uncommon trap: reason=unstable_if action=reinterpret pc=0x00000196803ef718 method=org.springframework.boot.context.properties.source.ConfigurationPropertyName.getElement(ILorg/springframework/boot/context/properties/source/ConfigurationPropertyName$Form;)
Event: 3.375 Thread 0x00000196f36b0000 Uncommon trap: reason=null_check action=make_not_entrant pc=0x00000196808b08e8 method=org.springframework.beans.factory.support.DefaultListableBeanFactory.getBeanDefinition(Ljava/lang/String;)Lorg/springframework/beans/factory/config/BeanDefinition; @ 10
Event: 3.392 Thread 0x00000196f36b0000 Uncommon trap: reason=unstable_if action=reinterpret pc=0x000001968049f570 method=java.util.zip.ZipCoder.getBytes(Ljava/lang/String;)[B @ 32
Event: 3.392 Thread 0x00000196f36b0000 Uncommon trap: reason=unstable_if action=reinterpret pc=0x00000196804a6018 method=java.util.zip.ZipCoder.getBytes(Ljava/lang/String;)[B @ 32
Event: 3.392 Thread 0x00000196f36b0000 Uncommon trap: reason=unstable_if action=reinterpret pc=0x00000196804f2858 method=java.util.zip.ZipCoder.getBytes(Ljava/lang/String;)[B @ 32
Event: 3.392 Thread 0x00000196f36b0000 Uncommon trap: reason=unstable_if action=reinterpret pc=0x0000019680c9748c method=java.net.URL.<init>(Ljava/net/URL;Ljava/lang/String;Ljava/net/URLStreamHandler;)V @ 57
Event: 3.392 Thread 0x00000196f36b0000 Uncommon trap: reason=unstable_if action=reinterpret pc=0x0000019680c05de4 method=java.net.URLStreamHandler.parseURL(Ljava/net/URL;Ljava/lang/String;II)V @ 57

Classes redefined (0 events):
No events

Internal exceptions (10 events):
Event: 3.270 Thread 0x00000196f36b0000 Exception <a 'java/lang/ClassNotFoundException': org/springframework/beans/factory/AwareCustomizer> (0x000000076c17f7e0) thrown at [C:\wsjdk\Corretto8Src\installers\windows\zip\corretto-build\buildRoot\hotspot\src\share\vm\classfile\systemDictionary.cpp, 
Event: 3.271 Thread 0x00000196f36b0000 Exception <a 'java/lang/ClassNotFoundException': org/springframework/context/ApplicationEventPublisherAwareCustomizer> (0x000000076c19c560) thrown at [C:\wsjdk\Corretto8Src\installers\windows\zip\corretto-build\buildRoot\hotspot\src\share\vm\classfile\sys
Event: 3.272 Thread 0x00000196f36b0000 Exception <a 'java/lang/ClassNotFoundException': org/springframework/beans/factory/AwareCustomizer> (0x000000076c1b4f70) thrown at [C:\wsjdk\Corretto8Src\installers\windows\zip\corretto-build\buildRoot\hotspot\src\share\vm\classfile\systemDictionary.cpp, 
Event: 3.277 Thread 0x00000196f36b0000 Exception <a 'java/lang/ClassNotFoundException': java/lang/ObjectCustomizer> (0x000000076c1fb3a8) thrown at [C:\wsjdk\Corretto8Src\installers\windows\zip\corretto-build\buildRoot\hotspot\src\share\vm\classfile\systemDictionary.cpp, line 217]
Event: 3.278 Thread 0x00000196f36b0000 Exception <a 'java/lang/ClassNotFoundException': org/springframework/core/io/support/PropertiesLoaderSupportCustomizer> (0x000000076c393268) thrown at [C:\wsjdk\Corretto8Src\installers\windows\zip\corretto-build\buildRoot\hotspot\src\share\vm\classfile\sy
Event: 3.280 Thread 0x00000196f36b0000 Exception <a 'java/lang/ClassNotFoundException': org/springframework/beans/factory/config/PropertiesFactoryBeanCustomizer> (0x000000076c3baa00) thrown at [C:\wsjdk\Corretto8Src\installers\windows\zip\corretto-build\buildRoot\hotspot\src\share\vm\classfile
Event: 3.281 Thread 0x00000196f36b0000 Exception <a 'java/lang/ClassNotFoundException': org/springframework/beans/factory/FactoryBeanCustomizer> (0x000000076c3e8838) thrown at [C:\wsjdk\Corretto8Src\installers\windows\zip\corretto-build\buildRoot\hotspot\src\share\vm\classfile\systemDictionary
Event: 3.282 Thread 0x00000196f36b0000 Exception <a 'java/lang/ClassNotFoundException': org/springframework/beans/factory/InitializingBeanCustomizer> (0x000000076c4062c0) thrown at [C:\wsjdk\Corretto8Src\installers\windows\zip\corretto-build\buildRoot\hotspot\src\share\vm\classfile\systemDicti
Event: 3.313 Thread 0x00000196f36b0000 Implicit null exception at 0x0000019680294416 to 0x00000196802947c9
Event: 3.375 Thread 0x00000196f36b0000 Implicit null exception at 0x00000196808b0777 to 0x00000196808b08dd

Events (10 events):
Event: 3.448 loading class org/hibernate/resource/transaction/backend/jta/internal/JtaTransactionCoordinatorBuilderImpl
Event: 3.448 loading class org/hibernate/resource/transaction/backend/jta/internal/JtaTransactionCoordinatorBuilderImpl done
Event: 3.449 loading class org/hibernate/service/spi/ServiceRegistryAwareService
Event: 3.449 loading class org/hibernate/service/spi/ServiceRegistryAwareService done
Event: 3.449 loading class org/hibernate/hql/spi/id/MultiTableBulkIdStrategy
Event: 3.449 loading class org/hibernate/hql/spi/id/MultiTableBulkIdStrategy done
Event: 3.450 loading class org/hibernate/hql/spi/id/persistent/PersistentTableBulkIdStrategy
Event: 3.450 loading class org/hibernate/hql/spi/id/persistent/PersistentTableBulkIdStrategy done
Event: 3.450 loading class org/hibernate/hql/spi/id/AbstractMultiTableBulkIdStrategyImpl
Event: 3.450 loading class org/hibernate/hql/spi/id/AbstractMultiTableBulkIdStrategyImpl done


Dynamic libraries:
0x00007ff667380000 - 0x00007ff6673ba000 	C:\Users\jibrilk\.jdks\corretto-1.8.0_382\bin\java.exe
0x00007ff8ca330000 - 0x00007ff8ca547000 	C:\Windows\SYSTEM32\ntdll.dll
0x00007ff8c8df0000 - 0x00007ff8c8eb4000 	C:\Windows\System32\KERNEL32.DLL
0x00007ff8c7cc0000 - 0x00007ff8c806d000 	C:\Windows\System32\KERNELBASE.dll
0x00007ff8c8ae0000 - 0x00007ff8c8b92000 	C:\Windows\System32\ADVAPI32.dll
0x00007ff8c8ec0000 - 0x00007ff8c8f67000 	C:\Windows\System32\msvcrt.dll
0x00007ff8c8d30000 - 0x00007ff8c8dd9000 	C:\Windows\System32\sechost.dll
0x00007ff8c7af0000 - 0x00007ff8c7b18000 	C:\Windows\System32\bcrypt.dll
0x00007ff8c99d0000 - 0x00007ff8c9ae4000 	C:\Windows\System32\RPCRT4.dll
0x00007ff8c8070000 - 0x00007ff8c821e000 	C:\Windows\System32\USER32.dll
0x00007ff8c7900000 - 0x00007ff8c7926000 	C:\Windows\System32\win32u.dll
0x00007ff8c8c00000 - 0x00007ff8c8c29000 	C:\Windows\System32\GDI32.dll
0x00007ff8c79d0000 - 0x00007ff8c7ae9000 	C:\Windows\System32\gdi32full.dll
0x00007ff8c7930000 - 0x00007ff8c79ca000 	C:\Windows\System32\msvcp_win.dll
0x00007ff8c7ba0000 - 0x00007ff8c7cb1000 	C:\Windows\System32\ucrtbase.dll
0x00007ff8b3000000 - 0x00007ff8b3293000 	C:\Windows\WinSxS\amd64_microsoft.windows.common-controls_6595b64144ccf1df_6.0.22621.3672_none_2713b9d173822955\COMCTL32.dll
0x00007ff8c98b0000 - 0x00007ff8c98e1000 	C:\Windows\System32\IMM32.DLL
0x00007ff890730000 - 0x00007ff89081f000 	C:\Users\jibrilk\.jdks\corretto-1.8.0_382\jre\bin\msvcr120.dll
0x00007ff8913d0000 - 0x00007ff891476000 	C:\Users\jibrilk\.jdks\corretto-1.8.0_382\jre\bin\msvcp120.dll
0x0000000056b50000 - 0x00000000573c5000 	C:\Users\jibrilk\.jdks\corretto-1.8.0_382\jre\bin\server\jvm.dll
0x00007ff8c8530000 - 0x00007ff8c8538000 	C:\Windows\System32\PSAPI.DLL
0x00007ff8c2740000 - 0x00007ff8c2774000 	C:\Windows\SYSTEM32\WINMM.dll
0x00007ff89b490000 - 0x00007ff89b499000 	C:\Windows\SYSTEM32\WSOCK32.dll
0x00007ff8c2ed0000 - 0x00007ff8c2eda000 	C:\Windows\SYSTEM32\VERSION.dll
0x00007ff8c8fd0000 - 0x00007ff8c9041000 	C:\Windows\System32\WS2_32.dll
0x00007ff8b3320000 - 0x00007ff8b332f000 	C:\Users\jibrilk\.jdks\corretto-1.8.0_382\jre\bin\verify.dll
0x00007ff8b0150000 - 0x00007ff8b0179000 	C:\Users\jibrilk\.jdks\corretto-1.8.0_382\jre\bin\java.dll
0x00007ff8b1900000 - 0x00007ff8b192b000 	C:\Users\jibrilk\.jdks\corretto-1.8.0_382\jre\bin\instrument.dll
0x00007ff8b1cd0000 - 0x00007ff8b1ce7000 	C:\Users\jibrilk\.jdks\corretto-1.8.0_382\jre\bin\zip.dll
0x00007ff8c9050000 - 0x00007ff8c98af000 	C:\Windows\System32\SHELL32.dll
0x00007ff8c54b0000 - 0x00007ff8c5dac000 	C:\Windows\SYSTEM32\windows.storage.dll
0x00007ff8c86f0000 - 0x00007ff8c8a78000 	C:\Windows\System32\combase.dll
0x00007ff8c5370000 - 0x00007ff8c54af000 	C:\Windows\SYSTEM32\wintypes.dll
0x00007ff8c9d70000 - 0x00007ff8c9e64000 	C:\Windows\System32\SHCORE.dll
0x00007ff8c8ba0000 - 0x00007ff8c8bfe000 	C:\Windows\System32\shlwapi.dll
0x00007ff8c7590000 - 0x00007ff8c75b1000 	C:\Windows\SYSTEM32\profapi.dll
0x00007ff8a7150000 - 0x00007ff8a716a000 	C:\Program Files\JetBrains\IntelliJ IDEA Community Edition 2023.2.2\bin\breakgen64.dll
0x00007ff8b0130000 - 0x00007ff8b014a000 	C:\Users\jibrilk\.jdks\corretto-1.8.0_382\jre\bin\net.dll
0x00007ff8c6ab0000 - 0x00007ff8c6b19000 	C:\Windows\system32\mswsock.dll
0x00007ff8af3e0000 - 0x00007ff8af3ed000 	C:\Users\jibrilk\.jdks\corretto-1.8.0_382\jre\bin\management.dll
0x00007ff89ba30000 - 0x00007ff89ba47000 	C:\Windows\system32\napinsp.dll
0x00007ff89ba10000 - 0x00007ff89ba2b000 	C:\Windows\system32\pnrpnsp.dll
0x00007ff8c5f00000 - 0x00007ff8c5ff8000 	C:\Windows\SYSTEM32\DNSAPI.dll
0x00007ff8c5ed0000 - 0x00007ff8c5efd000 	C:\Windows\SYSTEM32\IPHLPAPI.DLL
0x00007ff8c8c90000 - 0x00007ff8c8c99000 	C:\Windows\System32\NSI.dll
0x00007ff89b9f0000 - 0x00007ff89ba01000 	C:\Windows\System32\winrnr.dll
0x00007ff89b9d0000 - 0x00007ff89b9e5000 	C:\Windows\system32\wshbth.dll
0x00007ff89b9a0000 - 0x00007ff89b9c7000 	C:\Windows\system32\nlansp_c.dll
0x00007ff8c2e70000 - 0x00007ff8c2e7a000 	C:\Windows\System32\rasadhlp.dll
0x00007ff8c3810000 - 0x00007ff8c3893000 	C:\Windows\System32\fwpuclnt.dll
0x00007ff8b0110000 - 0x00007ff8b0122000 	C:\Users\jibrilk\.jdks\corretto-1.8.0_382\jre\bin\nio.dll
0x00007ff8c6da0000 - 0x00007ff8c6dbb000 	C:\Windows\SYSTEM32\CRYPTSP.dll
0x00007ff8c65b0000 - 0x00007ff8c65e5000 	C:\Windows\system32\rsaenh.dll
0x00007ff8c6b50000 - 0x00007ff8c6b78000 	C:\Windows\SYSTEM32\USERENV.dll
0x00007ff8c7b20000 - 0x00007ff8c7b9b000 	C:\Windows\System32\bcryptprimitives.dll
0x00007ff8c6d80000 - 0x00007ff8c6d8c000 	C:\Windows\SYSTEM32\CRYPTBASE.dll
0x00007ff8c3970000 - 0x00007ff8c3989000 	C:\Windows\SYSTEM32\dhcpcsvc6.DLL
0x00007ff8c38a0000 - 0x00007ff8c38bf000 	C:\Windows\SYSTEM32\dhcpcsvc.DLL
0x00007ff8a2640000 - 0x00007ff8a2663000 	C:\Users\jibrilk\.jdks\corretto-1.8.0_382\jre\bin\sunec.dll
0x00007ff8aed80000 - 0x00007ff8aed8c000 	C:\Users\jibrilk\.jdks\corretto-1.8.0_382\jre\bin\sunmscapi.dll
0x00007ff8c76d0000 - 0x00007ff8c7837000 	C:\Windows\System32\CRYPT32.dll
0x00007ff8c6fb0000 - 0x00007ff8c6fde000 	C:\Windows\SYSTEM32\ncrypt.dll
0x00007ff8c6f70000 - 0x00007ff8c6fa7000 	C:\Windows\SYSTEM32\NTASN1.dll

VM Arguments:
jvm_args: -javaagent:C:\Program Files\JetBrains\IntelliJ IDEA Community Edition 2023.2.2\lib\idea_rt.jar=6276:C:\Program Files\JetBrains\IntelliJ IDEA Community Edition 2023.2.2\bin -Dfile.encoding=UTF-8 
java_command: com.example.SOCscheduler.SoCschedulerApplication
java_class_path (initial): C:\Users\jibrilk\.jdks\corretto-1.8.0_382\jre\lib\charsets.jar;C:\Users\jibrilk\.jdks\corretto-1.8.0_382\jre\lib\ext\access-bridge-64.jar;C:\Users\jibrilk\.jdks\corretto-1.8.0_382\jre\lib\ext\cldrdata.jar;C:\Users\jibrilk\.jdks\corretto-1.8.0_382\jre\lib\ext\dnsns.jar;C:\Users\jibrilk\.jdks\corretto-1.8.0_382\jre\lib\ext\jaccess.jar;C:\Users\jibrilk\.jdks\corretto-1.8.0_382\jre\lib\ext\jfxrt.jar;C:\Users\jibrilk\.jdks\corretto-1.8.0_382\jre\lib\ext\localedata.jar;C:\Users\jibrilk\.jdks\corretto-1.8.0_382\jre\lib\ext\nashorn.jar;C:\Users\jibrilk\.jdks\corretto-1.8.0_382\jre\lib\ext\sunec.jar;C:\Users\jibrilk\.jdks\corretto-1.8.0_382\jre\lib\ext\sunjce_provider.jar;C:\Users\jibrilk\.jdks\corretto-1.8.0_382\jre\lib\ext\sunmscapi.jar;C:\Users\jibrilk\.jdks\corretto-1.8.0_382\jre\lib\ext\sunpkcs11.jar;C:\Users\jibrilk\.jdks\corretto-1.8.0_382\jre\lib\ext\zipfs.jar;C:\Users\jibrilk\.jdks\corretto-1.8.0_382\jre\lib\jce.jar;C:\Users\jibrilk\.jdks\corretto-1.8.0_382\jre\lib\jfr.jar;C:\Users\jibrilk\.jdks\corretto-1.8.0_382\jre\lib\jfxswt.jar;C:\Users\jibrilk\.jdks\corretto-1.8.0_382\jre\lib\jsse.jar;C:\Users\jibrilk\.jdks\corretto-1.8.0_382\jre\lib\management-agent.jar;C:\Users\jibrilk\.jdks\corretto-1.8.0_382\jre\lib\resources.jar;C:\Users\jibrilk\.jdks\corretto-1.8.0_382\jre\lib\rt.jar;C:\Users\jibrilk\Documents\soc\SOCscheduler\target\classes;C:\Users\jibrilk\.m2\repository\org\springframework\boot\spring-boot-starter-data-jpa\2.7.7\spring-boot-starter-data-jpa-2.7.7.jar;C:\Users\jibrilk\.m2\repository\org\springframework\boot\spring-boot-starter-aop\2.7.7\spring-boot-starter-aop-2.7.7.jar;C:\Users\jibrilk\.m2\repository\org\aspectj\aspectjweaver\1.9.7\aspectjweaver-1.9.7.jar;C:\Users\jibrilk\.m2\repository\org\springframework\boot\spring-boot-starter-jdbc\2.7.7\spring-boot-starter-jdbc-2.7.7.jar;C:\Users\jibrilk\.m2\repository\com\zaxxer\HikariCP\4.0.3\HikariCP-4.0.3.jar;C:\Users\jibrilk\.m2\repository\org\springframework\spring-jdbc\5.3.24\s
Launcher Type: SUN_STANDARD

Environment Variables:
JAVA_HOME=C:\Program Files\Java\jdk-11
PATH=C:\Program Files (x86)\VMware\VMware Workstation\bin\;C:\Python311\Scripts\;C:\Python311\;C:\Program Files\Common Files\Oracle\Java\javapath;C:\Windows\system32;C:\Windows;C:\Windows\System32\Wbem;C:\Windows\System32\WindowsPowerShell\v1.0\;C:\Windows\System32\OpenSSH\;C:\Users\applicationt\AppData\Roaming\nvm;C:\Program Files\nodejs;C:\ProgramData\chocolatey\bin;C:\Program Files\nodejs\;C:\Program Files (x86)\CheckPoint\Endpoint Security\Endpoint Common\bin;C:\Users\jibrilk\AppData\Local\Microsoft\WindowsApps;C:\Users\jibrilk\AppData\Local\Programs\Microsoft VS Code\bin;C:\Users\jibrilk\AppData\Local\Programs\Git\cmd;C:\Users\jibrilk\AppData\Local\GitHubDesktop\bin;C:\Users\jibrilk\AppData\Roaming\npm;C:\Users\jibrilk\AppData\Local\Programs\Git LFS
USERNAME=jibrilk
OS=Windows_NT
PROCESSOR_IDENTIFIER=Intel64 Family 6 Model 140 Stepping 2, GenuineIntel



---------------  S Y S T E M  ---------------

OS: Windows 11 , 64 bit Build 22621 (10.0.22621.3672)

CPU:total 8 (initial active 8) (4 cores per cpu, 2 threads per core) family 6 model 140 stepping 2, cmov, cx8, fxsr, mmx, sse, sse2, sse3, ssse3, sse4.1, sse4.2, popcnt, avx, avx2, aes, clmul, erms, 3dnowpref, lzcnt, ht, tsc, tscinvbit, bmi1, bmi2, adx

Memory: 4k page, physical 16555320k(1225596k free), swap 21929980k(4932k free)

vm_info: OpenJDK 64-Bit Server VM (25.382-b05) for windows-amd64 JRE (1.8.0_382-b05), built on Jul 14 2023 19:32:03 by "Administrator" with MS VC++ 12.0 (VS2013)

time: Tue Jul 30 11:11:05 2024
timezone: E. Africa Standard Time
elapsed time: 3.456187 seconds (0d 0h 0m 3s)

